2024-12-06 11:06:45,702 - INFO - Mencoba menghubungkan ke database...
2024-12-06 11:06:50,145 - INFO - Koneksi berhasil!
2024-12-06 11:06:50,146 - INFO - Menjalankan query untuk memeriksa perubahan...
2024-12-06 11:06:51,145 - INFO - Query dijalankan!
2024-12-06 11:06:51,145 - INFO - Tidak ada perubahan terbaru.
2024-12-06 11:06:51,146 - INFO - Koneksi ditutup.
2024-12-06 11:07:51,147 - INFO - Mencoba menghubungkan ke database...
2024-12-06 11:07:58,433 - INFO - Koneksi berhasil!
2024-12-06 11:07:58,434 - INFO - Menjalankan query untuk memeriksa perubahan...
2024-12-06 11:07:59,423 - INFO - Query dijalankan!
2024-12-06 11:07:59,423 - INFO - Tidak ada perubahan terbaru.
2024-12-06 11:07:59,424 - INFO - Koneksi ditutup.
2024-12-06 11:11:10,891 - INFO - Mencoba menghubungkan ke database...
2024-12-06 11:11:21,788 - INFO - Koneksi berhasil!
2024-12-06 11:11:21,789 - INFO - Menjalankan query untuk memeriksa perubahan...
2024-12-06 11:11:22,270 - INFO - Query dijalankan!
2024-12-06 11:11:22,270 - INFO - Tidak ada perubahan terbaru.
2024-12-06 11:11:22,271 - INFO - Koneksi ditutup.
2024-12-06 11:12:22,272 - INFO - Mencoba menghubungkan ke database...
2024-12-06 11:12:33,561 - INFO - Koneksi berhasil!
2024-12-06 11:12:33,561 - INFO - Menjalankan query untuk memeriksa perubahan...
2024-12-06 11:12:34,557 - INFO - Query dijalankan!
2024-12-06 11:12:34,557 - INFO - Tidak ada perubahan terbaru.
2024-12-06 11:12:34,557 - INFO - Koneksi ditutup.
2024-12-06 11:13:34,558 - INFO - Mencoba menghubungkan ke database...
2024-12-06 11:13:41,825 - INFO - Koneksi berhasil!
2024-12-06 11:13:41,825 - INFO - Menjalankan query untuk memeriksa perubahan...
2024-12-06 11:13:42,831 - INFO - Query dijalankan!
2024-12-06 11:13:42,831 - INFO - Tidak ada perubahan terbaru.
2024-12-06 11:13:42,832 - INFO - Koneksi ditutup.
2024-12-06 11:17:30,400 - INFO - Mencoba menghubungkan ke database...
2024-12-06 11:17:37,781 - INFO - Koneksi berhasil!
2024-12-06 11:17:37,782 - INFO - Menjalankan query untuk memeriksa perubahan...
2024-12-06 11:17:38,790 - ERROR - Terjadi kesalahan pada koneksi database: Unknown column 'change_time' in 'where clause'
2024-12-06 11:18:38,791 - INFO - Mencoba menghubungkan ke database...
2024-12-06 11:18:48,073 - INFO - Koneksi berhasil!
2024-12-06 11:18:48,074 - INFO - Menjalankan query untuk memeriksa perubahan...
2024-12-06 11:18:49,068 - ERROR - Terjadi kesalahan pada koneksi database: Unknown column 'change_time' in 'where clause'
2024-12-06 11:19:31,003 - INFO - Mencoba menghubungkan ke database...
2024-12-06 11:19:36,277 - INFO - Koneksi berhasil!
2024-12-06 11:19:36,278 - INFO - Menjalankan query untuk memeriksa perubahan...
2024-12-06 11:19:37,284 - INFO - Query dijalankan!
2024-12-06 11:19:37,284 - INFO - Tidak ada perubahan terbaru.
2024-12-06 11:19:37,285 - INFO - Koneksi ditutup.
